{
  "stats": {
    "suites": 4,
    "tests": 28,
    "passes": 28,
    "pending": 0,
    "failures": 0,
    "start": "2021-12-06T15:46:24.467Z",
    "end": "2021-12-06T15:46:24.857Z",
    "duration": 390,
    "testsRegistered": 28,
    "passPercent": 100,
    "pendingPercent": 0,
    "other": 0,
    "hasOther": false,
    "skipped": 0,
    "hasSkipped": false
  },
  "results": [
    {
      "uuid": "0403bbe5-1c96-46c6-8a59-085885ee680c",
      "title": "",
      "fullFile": "",
      "file": "",
      "beforeHooks": [],
      "afterHooks": [],
      "tests": [],
      "suites": [
        {
          "uuid": "9ec651fb-270d-4220-b5e4-e65a50d20323",
          "title": "App tests",
          "fullFile": "/home/abdallah/new/test1/bakEnd/tests/Main.spec.js",
          "file": "/tests/Main.spec.js",
          "beforeHooks": [
            {
              "title": "\"before all\" hook in \"App tests\"",
              "fullTitle": "App tests \"before all\" hook in \"App tests\"",
              "timedOut": false,
              "duration": 54,
              "state": null,
              "speed": null,
              "pass": false,
              "fail": false,
              "pending": false,
              "context": null,
              "code": "await sequelizeDB.sync();",
              "err": {},
              "uuid": "3933a932-16bc-4df3-9eb2-6dcc3dc18ea5",
              "parentUUID": "9ec651fb-270d-4220-b5e4-e65a50d20323",
              "isHook": true,
              "skipped": false
            },
            {
              "title": "\"before each\" hook in \"App tests\"",
              "fullTitle": "App tests \"before each\" hook in \"App tests\"",
              "timedOut": false,
              "duration": 2,
              "state": null,
              "speed": null,
              "pass": false,
              "fail": false,
              "pending": false,
              "context": null,
              "code": "await User.destroy({\n  where: {},\n  truncate: true,\n});\n   await Post.destroy({\n  where: {},\n  truncate: true,\n});\n   await Comment.destroy({\n  where: {},\n  truncate: true,\n});",
              "err": {},
              "uuid": "d8af286a-b2eb-4e0b-8fe9-739b665029ea",
              "parentUUID": "9ec651fb-270d-4220-b5e4-e65a50d20323",
              "isHook": true,
              "skipped": false
            }
          ],
          "afterHooks": [],
          "tests": [],
          "suites": [
            {
              "uuid": "d996a276-2fd7-4dd4-a1ac-64d17b2a5bd2",
              "title": "User API tests",
              "fullFile": "/home/abdallah/new/test1/bakEnd/tests/Main.spec.js",
              "file": "/tests/Main.spec.js",
              "beforeHooks": [],
              "afterHooks": [],
              "tests": [
                {
                  "title": "GET USERS API TEST ",
                  "fullTitle": "App tests User API tests GET USERS API TEST ",
                  "timedOut": false,
                  "duration": 21,
                  "state": "passed",
                  "speed": "fast",
                  "pass": true,
                  "fail": false,
                  "pending": false,
                  "context": null,
                  "code": "const res = await chai.request(main.app).get(\"/user\");\nres.should.have.status(200);\nres.body.should.be.a(\"array\");\nres.body.length.should.be.eq(0);",
                  "err": {},
                  "uuid": "036259eb-30fb-47c6-ae40-937fa93368a0",
                  "parentUUID": "d996a276-2fd7-4dd4-a1ac-64d17b2a5bd2",
                  "isHook": false,
                  "skipped": false
                },
                {
                  "title": "GET USERS API TEST FAILED ",
                  "fullTitle": "App tests User API tests GET USERS API TEST FAILED ",
                  "timedOut": false,
                  "duration": 5,
                  "state": "passed",
                  "speed": "fast",
                  "pass": true,
                  "fail": false,
                  "pending": false,
                  "context": null,
                  "code": "const res = await chai.request(main.app).get(\"/user_failed\");\nres.should.have.status(404);",
                  "err": {},
                  "uuid": "5fc0cc4b-b759-4c00-a0ab-2e9aa5943474",
                  "parentUUID": "d996a276-2fd7-4dd4-a1ac-64d17b2a5bd2",
                  "isHook": false,
                  "skipped": false
                },
                {
                  "title": "GET ONE USER API TEST ",
                  "fullTitle": "App tests User API tests GET ONE USER API TEST ",
                  "timedOut": false,
                  "duration": 15,
                  "state": "passed",
                  "speed": "fast",
                  "pass": true,
                  "fail": false,
                  "pending": false,
                  "context": null,
                  "code": "await User.create({ id: 1, name: \"abd\", email: \"abd@rfsd.com\" });\nconst id = 1;\nconst response = await chai.request(main.app).get(\"/user/\" + id);\nresponse.should.have.status(200);\nresponse.body.should.be.a(\"object\");\nresponse.body.should.have.property(\"name\").eq(\"abd\");\nresponse.body.should.have.property(\"email\").eq(\"abd@rfsd.com\");",
                  "err": {},
                  "uuid": "e6dc789c-6c02-4cc1-8b0b-e02e6deae391",
                  "parentUUID": "d996a276-2fd7-4dd4-a1ac-64d17b2a5bd2",
                  "isHook": false,
                  "skipped": false
                },
                {
                  "title": "GET ONE USER API TEST FAILED ",
                  "fullTitle": "App tests User API tests GET ONE USER API TEST FAILED ",
                  "timedOut": false,
                  "duration": 3,
                  "state": "passed",
                  "speed": "fast",
                  "pass": true,
                  "fail": false,
                  "pending": false,
                  "context": null,
                  "code": "const id = 1;\nconst response = await chai.request(main.app).get(\"/user/\" + id);\nresponse.should.have.status(200);\nresponse.text.should.be.eq(\"user not found\");",
                  "err": {},
                  "uuid": "633ff661-8aa8-4017-a24e-fa85aebbf316",
                  "parentUUID": "d996a276-2fd7-4dd4-a1ac-64d17b2a5bd2",
                  "isHook": false,
                  "skipped": false
                },
                {
                  "title": "FAILED TO GET ONE USER API TEST  ",
                  "fullTitle": "App tests User API tests FAILED TO GET ONE USER API TEST  ",
                  "timedOut": false,
                  "duration": 3,
                  "state": "passed",
                  "speed": "fast",
                  "pass": true,
                  "fail": false,
                  "pending": false,
                  "context": null,
                  "code": "const id = 1;\nconst response = await chai.request(main.app).get(\"/user_failed/\" + id);\nresponse.should.have.status(404);",
                  "err": {},
                  "uuid": "780ef565-c6f1-4f31-b5bf-0f63fb941f06",
                  "parentUUID": "d996a276-2fd7-4dd4-a1ac-64d17b2a5bd2",
                  "isHook": false,
                  "skipped": false
                },
                {
                  "title": "ADD  USER API TEST ",
                  "fullTitle": "App tests User API tests ADD  USER API TEST ",
                  "timedOut": false,
                  "duration": 23,
                  "state": "passed",
                  "speed": "fast",
                  "pass": true,
                  "fail": false,
                  "pending": false,
                  "context": null,
                  "code": "const user = {\n  name: \"abdallah\",\n  email: \"abdallha@gmail.com\",\n};\nconst response = await chai.request(main.app).post(\"/user\").send(user);\nresponse.should.have.status(200);\nresponse.text.should.be.eq(\"user has been added\");",
                  "err": {},
                  "uuid": "93eab174-32da-4edc-9db3-62026b4c2343",
                  "parentUUID": "d996a276-2fd7-4dd4-a1ac-64d17b2a5bd2",
                  "isHook": false,
                  "skipped": false
                },
                {
                  "title": "UPDATE  USER API TEST ",
                  "fullTitle": "App tests User API tests UPDATE  USER API TEST ",
                  "timedOut": false,
                  "duration": 7,
                  "state": "passed",
                  "speed": "fast",
                  "pass": true,
                  "fail": false,
                  "pending": false,
                  "context": null,
                  "code": "await User.create({ id: 2, name: \"abd\", email: \"abd@rfsd.com\" });\nconst user = {\n  name: \"abdallah\",\n  email: \"abdallha@gmail.com\",\n};\nconst id = 2;\nconst response = await chai\n  .request(main.app)\n  .put(\"/user/\" + id)\n  .send(user);\nresponse.should.have.status(200);\nresponse.body.should.be.a(\"object\");\nresponse.body.should.have.property(\"name\").eq(\"abdallah\");\nresponse.body.should.have.property(\"email\").eq(\"abdallha@gmail.com\");",
                  "err": {},
                  "uuid": "4b640cb4-395a-4a2c-b8aa-2f102dc7d930",
                  "parentUUID": "d996a276-2fd7-4dd4-a1ac-64d17b2a5bd2",
                  "isHook": false,
                  "skipped": false
                },
                {
                  "title": "UPDATE  USER API TEST USER NOT FOUND ",
                  "fullTitle": "App tests User API tests UPDATE  USER API TEST USER NOT FOUND ",
                  "timedOut": false,
                  "duration": 3,
                  "state": "passed",
                  "speed": "fast",
                  "pass": true,
                  "fail": false,
                  "pending": false,
                  "context": null,
                  "code": "const user = {\n  name: \"abdallah\",\n  email: \"abdallha@gmail.com\",\n};\nconst id = 1;\nconst response = await chai\n  .request(main.app)\n  .put(\"/user/\" + id)\n  .send(user);\nresponse.should.have.status(200);\nresponse.text.should.be.eq(\"user not found\");",
                  "err": {},
                  "uuid": "d07027e0-7fd9-42e5-b4ef-9c71a251575a",
                  "parentUUID": "d996a276-2fd7-4dd4-a1ac-64d17b2a5bd2",
                  "isHook": false,
                  "skipped": false
                },
                {
                  "title": "DELETE  USER API TEST ",
                  "fullTitle": "App tests User API tests DELETE  USER API TEST ",
                  "timedOut": false,
                  "duration": 6,
                  "state": "passed",
                  "speed": "fast",
                  "pass": true,
                  "fail": false,
                  "pending": false,
                  "context": null,
                  "code": "await User.create({ id: 1, name: \"abd\", email: \"abd@rfsd.com\" });\nconst id = 1;\nconst response = await chai\n  .request(main.app)\n  .delete(\"/user/\" + id);\nresponse.should.have.status(200);\nresponse.text.should.be.eq(\"user has been deleted\");",
                  "err": {},
                  "uuid": "ad6d848e-6da2-4c92-a403-9baf34ab6952",
                  "parentUUID": "d996a276-2fd7-4dd4-a1ac-64d17b2a5bd2",
                  "isHook": false,
                  "skipped": false
                },
                {
                  "title": "DELETE  USER API TEST USER NOT FOUND ",
                  "fullTitle": "App tests User API tests DELETE  USER API TEST USER NOT FOUND ",
                  "timedOut": false,
                  "duration": 3,
                  "state": "passed",
                  "speed": "fast",
                  "pass": true,
                  "fail": false,
                  "pending": false,
                  "context": null,
                  "code": "const id = 1;\nconst response = await chai\n  .request(main.app)\n  .delete(\"/user/\" + id);\nresponse.should.have.status(200);\nresponse.text.should.be.eq(\"user not found\");",
                  "err": {},
                  "uuid": "39558349-c3d6-4bde-a957-10e8a75503ef",
                  "parentUUID": "d996a276-2fd7-4dd4-a1ac-64d17b2a5bd2",
                  "isHook": false,
                  "skipped": false
                }
              ],
              "suites": [],
              "passes": [
                "036259eb-30fb-47c6-ae40-937fa93368a0",
                "5fc0cc4b-b759-4c00-a0ab-2e9aa5943474",
                "e6dc789c-6c02-4cc1-8b0b-e02e6deae391",
                "633ff661-8aa8-4017-a24e-fa85aebbf316",
                "780ef565-c6f1-4f31-b5bf-0f63fb941f06",
                "93eab174-32da-4edc-9db3-62026b4c2343",
                "4b640cb4-395a-4a2c-b8aa-2f102dc7d930",
                "d07027e0-7fd9-42e5-b4ef-9c71a251575a",
                "ad6d848e-6da2-4c92-a403-9baf34ab6952",
                "39558349-c3d6-4bde-a957-10e8a75503ef"
              ],
              "failures": [],
              "pending": [],
              "skipped": [],
              "duration": 89,
              "root": false,
              "rootEmpty": false,
              "_timeout": 5000000
            },
            {
              "uuid": "a5b1bf66-5031-42b8-a80a-be90cc3af359",
              "title": "POST API tests",
              "fullFile": "/home/abdallah/new/test1/bakEnd/tests/Main.spec.js",
              "file": "/tests/Main.spec.js",
              "beforeHooks": [],
              "afterHooks": [],
              "tests": [
                {
                  "title": "GET POSTS API TEST ",
                  "fullTitle": "App tests POST API tests GET POSTS API TEST ",
                  "timedOut": false,
                  "duration": 8,
                  "state": "passed",
                  "speed": "fast",
                  "pass": true,
                  "fail": false,
                  "pending": false,
                  "context": null,
                  "code": "await User.create({ id: 1, name: \"abd\", email: \"abd@rfsd.com\" });\nawait Post.create({\n  id: 1,\n  title: \"abdallah\",\n  body: \"abdallha@gmail.com\",\n  userId: 1,\n});\nconst response = await chai.request(main.app).get(\"/post\");\n response.should.have.status(200);\nresponse.body.should.be.a(\"array\");\nresponse.body.length.should.be.eq(1);",
                  "err": {},
                  "uuid": "390d1562-77a1-4977-b5ba-f1424befa566",
                  "parentUUID": "a5b1bf66-5031-42b8-a80a-be90cc3af359",
                  "isHook": false,
                  "skipped": false
                },
                {
                  "title": "GET POSTS API TEST FAILED ",
                  "fullTitle": "App tests POST API tests GET POSTS API TEST FAILED ",
                  "timedOut": false,
                  "duration": 1,
                  "state": "passed",
                  "speed": "fast",
                  "pass": true,
                  "fail": false,
                  "pending": false,
                  "context": null,
                  "code": "const response = await chai.request(main.app).get(\"/post_failed\");\nresponse.should.have.status(404);",
                  "err": {},
                  "uuid": "72f2df4a-add5-4a28-b2c6-41e8a060d6bc",
                  "parentUUID": "a5b1bf66-5031-42b8-a80a-be90cc3af359",
                  "isHook": false,
                  "skipped": false
                },
                {
                  "title": "GET ONE POST API TEST ",
                  "fullTitle": "App tests POST API tests GET ONE POST API TEST ",
                  "timedOut": false,
                  "duration": 8,
                  "state": "passed",
                  "speed": "fast",
                  "pass": true,
                  "fail": false,
                  "pending": false,
                  "context": null,
                  "code": "await User.create({ id: 1, name: \"abd\", email: \"abd@rfsd.com\" });\nawait Post.create({\n  id: 1,\n  title: \"abdallah\",\n  body: \"abdallha@gmail.com\",\n  userId: 1,\n});\nconst id = 1;\nconst response = await chai.request(main.app).get(\"/post/\" + id);\nresponse.should.have.status(200);\nresponse.body.should.be.a(\"object\");\nresponse.body.should.have.property(\"title\").eq(\"abdallah\");",
                  "err": {},
                  "uuid": "979dca7b-5eb5-40ed-b0b4-0f1cd97c799e",
                  "parentUUID": "a5b1bf66-5031-42b8-a80a-be90cc3af359",
                  "isHook": false,
                  "skipped": false
                },
                {
                  "title": "GET ONE POST API TEST NOT FOUND ",
                  "fullTitle": "App tests POST API tests GET ONE POST API TEST NOT FOUND ",
                  "timedOut": false,
                  "duration": 3,
                  "state": "passed",
                  "speed": "fast",
                  "pass": true,
                  "fail": false,
                  "pending": false,
                  "context": null,
                  "code": "const id = 1;\nconst response = await chai.request(main.app).get(\"/post/\" + id);\nresponse.should.have.status(200);\nresponse.text.should.be.eq(\"post not found\");",
                  "err": {},
                  "uuid": "dc320db7-5ecb-4fe1-a38b-49199daf0e7f",
                  "parentUUID": "a5b1bf66-5031-42b8-a80a-be90cc3af359",
                  "isHook": false,
                  "skipped": false
                },
                {
                  "title": "ADD  POST API TEST ",
                  "fullTitle": "App tests POST API tests ADD  POST API TEST ",
                  "timedOut": false,
                  "duration": 6,
                  "state": "passed",
                  "speed": "fast",
                  "pass": true,
                  "fail": false,
                  "pending": false,
                  "context": null,
                  "code": "await User.create({ id: 1, name: \"abd\", email: \"abd@rfsd.com\" });\nconst post = {\n  title: \"abdallah\",\n  body: \"abdallha@gmail.com\",\n  userId: 1,\n};\nconst response = await chai.request(main.app).post(\"/post\").send(post);\nresponse.should.have.status(200);\nresponse.text.should.be.eq(\"post has been added\");",
                  "err": {},
                  "uuid": "b7cc2423-20d2-4f24-b753-1a3b70346be5",
                  "parentUUID": "a5b1bf66-5031-42b8-a80a-be90cc3af359",
                  "isHook": false,
                  "skipped": false
                },
                {
                  "title": "UPDATE  POST API TEST ",
                  "fullTitle": "App tests POST API tests UPDATE  POST API TEST ",
                  "timedOut": false,
                  "duration": 9,
                  "state": "passed",
                  "speed": "fast",
                  "pass": true,
                  "fail": false,
                  "pending": false,
                  "context": null,
                  "code": "await User.create({ id: 1, name: \"abd\", email: \"abd@rfsd.com\" });\nawait Post.create({\n  id: 1,\n  title: \"abdallah\",\n  body: \"abdallha@gmail.com\",\n  userId: 1,\n});\nconst post = {\n  title: \".......\",\n  body: \"abdallah\",\n  userId: 1,\n};\nconst id = 1;\nconst response = await chai\n  .request(main.app)\n  .put(\"/post/\" + id)\n  .send(post);\nresponse.should.have.status(200);\nresponse.body.should.be.a(\"object\");\nresponse.body.should.have.property(\"title\").eq(\".......\");\nresponse.body.should.have.property(\"body\").eq(\"abdallah\");\nresponse.body.should.have.property(\"userId\").eq(1);",
                  "err": {},
                  "uuid": "3963ca8e-24d0-4c2a-a4f2-7ca0cb65408f",
                  "parentUUID": "a5b1bf66-5031-42b8-a80a-be90cc3af359",
                  "isHook": false,
                  "skipped": false
                },
                {
                  "title": "UPDATE  POST API TEST NOT FOUND ",
                  "fullTitle": "App tests POST API tests UPDATE  POST API TEST NOT FOUND ",
                  "timedOut": false,
                  "duration": 3,
                  "state": "passed",
                  "speed": "fast",
                  "pass": true,
                  "fail": false,
                  "pending": false,
                  "context": null,
                  "code": "const post = {\n  title: \"abdallah\",\n  body: \"abdallha@gmail.com\",\n  userId: 1,\n};\nconst id = 1;\nconst response = await chai\n  .request(main.app)\n  .put(\"/post/\" + id)\n  .send(post);\nresponse.should.have.status(200);\nresponse.text.should.be.eq(\"post not found\");",
                  "err": {},
                  "uuid": "f03f91d7-28eb-4e80-b2d2-9a11ca03d5fa",
                  "parentUUID": "a5b1bf66-5031-42b8-a80a-be90cc3af359",
                  "isHook": false,
                  "skipped": false
                },
                {
                  "title": "DELETE  POST API TEST ",
                  "fullTitle": "App tests POST API tests DELETE  POST API TEST ",
                  "timedOut": false,
                  "duration": 6,
                  "state": "passed",
                  "speed": "fast",
                  "pass": true,
                  "fail": false,
                  "pending": false,
                  "context": null,
                  "code": "await User.create({ id: 1, name: \"abd\", email: \"abd@rfsd.com\" });\nawait Post.create({\n  id: 1,\n  title: \"abdallah\",\n  body: \"abdallha@gmail.com\",\n  userId: 1,\n});\nconst id = 1;\nconst response = await chai\n  .request(main.app)\n  .delete(\"/post/\" + id);\nresponse.should.have.status(200);\nresponse.text.should.be.eq(\"post has been deleted\");",
                  "err": {},
                  "uuid": "f2055895-f342-4e51-bd8c-cf7195d23e4d",
                  "parentUUID": "a5b1bf66-5031-42b8-a80a-be90cc3af359",
                  "isHook": false,
                  "skipped": false
                },
                {
                  "title": "DELETE  POST API TEST NOT FOUND ",
                  "fullTitle": "App tests POST API tests DELETE  POST API TEST NOT FOUND ",
                  "timedOut": false,
                  "duration": 3,
                  "state": "passed",
                  "speed": "fast",
                  "pass": true,
                  "fail": false,
                  "pending": false,
                  "context": null,
                  "code": "const id = 1;\nconst response = await chai\n  .request(main.app)\n  .delete(\"/post/\" + id);\nresponse.should.have.status(200);\nresponse.text.should.be.eq(\"post not found\");",
                  "err": {},
                  "uuid": "4449fc0f-e0e7-441c-b5e2-0f963f2ef46f",
                  "parentUUID": "a5b1bf66-5031-42b8-a80a-be90cc3af359",
                  "isHook": false,
                  "skipped": false
                }
              ],
              "suites": [],
              "passes": [
                "390d1562-77a1-4977-b5ba-f1424befa566",
                "72f2df4a-add5-4a28-b2c6-41e8a060d6bc",
                "979dca7b-5eb5-40ed-b0b4-0f1cd97c799e",
                "dc320db7-5ecb-4fe1-a38b-49199daf0e7f",
                "b7cc2423-20d2-4f24-b753-1a3b70346be5",
                "3963ca8e-24d0-4c2a-a4f2-7ca0cb65408f",
                "f03f91d7-28eb-4e80-b2d2-9a11ca03d5fa",
                "f2055895-f342-4e51-bd8c-cf7195d23e4d",
                "4449fc0f-e0e7-441c-b5e2-0f963f2ef46f"
              ],
              "failures": [],
              "pending": [],
              "skipped": [],
              "duration": 47,
              "root": false,
              "rootEmpty": false,
              "_timeout": 5000000
            },
            {
              "uuid": "771e6990-0102-4e1a-a5f8-69b2a2594603",
              "title": "COMMENT API tests",
              "fullFile": "/home/abdallah/new/test1/bakEnd/tests/Main.spec.js",
              "file": "/tests/Main.spec.js",
              "beforeHooks": [],
              "afterHooks": [],
              "tests": [
                {
                  "title": "GET COMMENT API TEST ",
                  "fullTitle": "App tests COMMENT API tests GET COMMENT API TEST ",
                  "timedOut": false,
                  "duration": 10,
                  "state": "passed",
                  "speed": "fast",
                  "pass": true,
                  "fail": false,
                  "pending": false,
                  "context": null,
                  "code": "await User.create({\n  id: 1,\n  name: \"abd\",\n  email: \"abd@rfsd.com\",\n});\n await Post.create({\n  id: 1,\n  title: \"abdallah\",\n  body: \"abdallha@gmail.com\",\n  userId: 1,\n});\nawait Comment.create({\n  name: \"req\",\n  body: \"req\",\n  postId: 1,\n  userId: 1,\n});\nconst response = await chai.request(main.app).get(\"/comment\");\nresponse.should.have.status(200);\nresponse.body.should.be.a(\"array\");\nresponse.body.length.should.be.eq(1);",
                  "err": {},
                  "uuid": "b3b33ebc-df4a-4a04-8d22-62d6c915d9b5",
                  "parentUUID": "771e6990-0102-4e1a-a5f8-69b2a2594603",
                  "isHook": false,
                  "skipped": false
                },
                {
                  "title": "GET COMMENT API TEST FAILED ",
                  "fullTitle": "App tests COMMENT API tests GET COMMENT API TEST FAILED ",
                  "timedOut": false,
                  "duration": 1,
                  "state": "passed",
                  "speed": "fast",
                  "pass": true,
                  "fail": false,
                  "pending": false,
                  "context": null,
                  "code": "const response = await chai.request(main.app).get(\"/comment_failed\");\nresponse.should.have.status(404);",
                  "err": {},
                  "uuid": "c8625d72-8b15-4803-81b4-bcbb6a3bc0c5",
                  "parentUUID": "771e6990-0102-4e1a-a5f8-69b2a2594603",
                  "isHook": false,
                  "skipped": false
                },
                {
                  "title": "GET ONE COMMENT  API TEST ",
                  "fullTitle": "App tests COMMENT API tests GET ONE COMMENT  API TEST ",
                  "timedOut": false,
                  "duration": 10,
                  "state": "passed",
                  "speed": "fast",
                  "pass": true,
                  "fail": false,
                  "pending": false,
                  "context": null,
                  "code": "await User.create({\n  id: 1,\n  name: \"abd\",\n  email: \"abd@rfsd.com\",\n});\nawait Post.create({\n  id: 1,\n  title: \"abdallah\",\n  body: \"abdallha@gmail.com\",\n  userId: 1,\n});\nawait Comment.create({\n  id:1,\n  name: \"req\",\n  body: \"req\",\n  postId: 1,\n  userId: 1,\n});\nconst id = 1;\nconst response = await chai.request(main.app).get(\"/comment/\" + id);\nresponse.should.have.status(200);\nresponse.body.should.be.a(\"object\");\nresponse.body.should.have.property(\"name\").eq(\"req\");",
                  "err": {},
                  "uuid": "800d7c3c-5706-4fb3-b4c0-c306aa9c5f15",
                  "parentUUID": "771e6990-0102-4e1a-a5f8-69b2a2594603",
                  "isHook": false,
                  "skipped": false
                },
                {
                  "title": "GET ONE COMMENT  API TEST NOT FOUND ",
                  "fullTitle": "App tests COMMENT API tests GET ONE COMMENT  API TEST NOT FOUND ",
                  "timedOut": false,
                  "duration": 20,
                  "state": "passed",
                  "speed": "fast",
                  "pass": true,
                  "fail": false,
                  "pending": false,
                  "context": null,
                  "code": "const id = 1;\nconst response = await chai.request(main.app).get(\"/comment/\" + id);\nresponse.should.have.status(200);\nresponse.text.should.be.eq(\"comment not found\");",
                  "err": {},
                  "uuid": "da51b240-560e-4b0c-ad85-17b208fc69c6",
                  "parentUUID": "771e6990-0102-4e1a-a5f8-69b2a2594603",
                  "isHook": false,
                  "skipped": false
                },
                {
                  "title": "ADD  COMMENT API TEST ",
                  "fullTitle": "App tests COMMENT API tests ADD  COMMENT API TEST ",
                  "timedOut": false,
                  "duration": 7,
                  "state": "passed",
                  "speed": "fast",
                  "pass": true,
                  "fail": false,
                  "pending": false,
                  "context": null,
                  "code": "await User.create({ id: 1, name: \"abd\", email: \"abd@rfsd.com\" });\nawait Post.create({\n  id:1,\n  title: \"abdallah\",\n  body: \"abdallha@gmail.com\",\n  userId: 1,\n});\nconst comment = {\n  name: \"req\",\n  body: \"req\",\n  postId: 1,\n  userId: 1,\n};\nconst response = await chai\n  .request(main.app)\n  .post(\"/comment\")\n  .send(comment);\nresponse.should.have.status(200);\nresponse.text.should.be.eq(\"comment has been added\");",
                  "err": {},
                  "uuid": "33340077-7d2a-4b36-9c11-ef3fff88deae",
                  "parentUUID": "771e6990-0102-4e1a-a5f8-69b2a2594603",
                  "isHook": false,
                  "skipped": false
                },
                {
                  "title": "UPDATE  COMMENT API TEST ",
                  "fullTitle": "App tests COMMENT API tests UPDATE  COMMENT API TEST ",
                  "timedOut": false,
                  "duration": 11,
                  "state": "passed",
                  "speed": "fast",
                  "pass": true,
                  "fail": false,
                  "pending": false,
                  "context": null,
                  "code": "await User.create({\n  id: 1,\n  name: \"abd\",\n  email: \"abd@rfsd.com\",\n});\nawait Post.create({\n  id: 1,\n  title: \"abdallah\",\n  body: \"abdallha@gmail.com\",\n  userId: 1,\n});\nawait Comment.create({\n  id:1,\n  name: \"abdallah\",\n  body: \"alabed\",\n  postId: 1,\n  userId: 1,\n});\nconst comment = {\n  name: \"req\",\n  body: \"req\",\n  postId: 1,\n  userId: 1,\n};\nconst id = 1;\nconst response = await chai\n  .request(main.app)\n  .put(\"/comment/\" + id)\n  .send(comment);\nresponse.should.have.status(200);\nresponse.body.should.be.a(\"object\");\nresponse.body.should.have.property(\"name\").eq(\"req\");\nresponse.body.should.have.property(\"body\").eq(\"req\");",
                  "err": {},
                  "uuid": "546adff6-ff10-4174-8e57-1e9e7a93b334",
                  "parentUUID": "771e6990-0102-4e1a-a5f8-69b2a2594603",
                  "isHook": false,
                  "skipped": false
                },
                {
                  "title": "UPDATE  COMMENT API TEST NOT FOUND ",
                  "fullTitle": "App tests COMMENT API tests UPDATE  COMMENT API TEST NOT FOUND ",
                  "timedOut": false,
                  "duration": 3,
                  "state": "passed",
                  "speed": "fast",
                  "pass": true,
                  "fail": false,
                  "pending": false,
                  "context": null,
                  "code": "const comment = {\n  name: \"req\",\n  body: \"req\",\n  postId: 1,\n  userId: 1,\n};\nconst id = 1;\nconst response = await chai\n  .request(main.app)\n  .put(\"/comment/\" + id)\n  .send(comment);\nresponse.should.have.status(200);\nresponse.text.should.be.eq(\"comment not found\");",
                  "err": {},
                  "uuid": "d6b6cf72-22fc-4182-b5b2-f1096aea248e",
                  "parentUUID": "771e6990-0102-4e1a-a5f8-69b2a2594603",
                  "isHook": false,
                  "skipped": false
                },
                {
                  "title": "DELETE  COMMENT API TEST ",
                  "fullTitle": "App tests COMMENT API tests DELETE  COMMENT API TEST ",
                  "timedOut": false,
                  "duration": 8,
                  "state": "passed",
                  "speed": "fast",
                  "pass": true,
                  "fail": false,
                  "pending": false,
                  "context": null,
                  "code": "await User.create({\n  id: 1,\n  name: \"abd\",\n  email: \"abd@rfsd.com\",\n});\nawait Post.create({\n  id: 1,\n  title: \"abdallah\",\n  body: \"abdallha@gmail.com\",\n  userId: 1,\n});\nawait Comment.create({\n  id:1,\n  name: \"abdallah\",\n  body: \"alabed\",\n  postId: 1,\n  userId: 1,\n});\nconst id = 1;\nconst response = await chai\n  .request(main.app)\n  .delete(\"/comment/\" + id);\nresponse.should.have.status(200);\nresponse.text.should.be.eq(\"comment has been deleted\");",
                  "err": {},
                  "uuid": "9d96f8ac-4a75-45cf-bb1c-083f782b8ed5",
                  "parentUUID": "771e6990-0102-4e1a-a5f8-69b2a2594603",
                  "isHook": false,
                  "skipped": false
                },
                {
                  "title": "DELETE  COMMENT API TEST NOT FOUND",
                  "fullTitle": "App tests COMMENT API tests DELETE  COMMENT API TEST NOT FOUND",
                  "timedOut": false,
                  "duration": 2,
                  "state": "passed",
                  "speed": "fast",
                  "pass": true,
                  "fail": false,
                  "pending": false,
                  "context": null,
                  "code": "const id = 1;\nconst response = await chai\n  .request(main.app)\n  .delete(\"/comment/\" + id);\nresponse.should.have.status(200);\nresponse.text.should.be.eq(\"comment not found\");",
                  "err": {},
                  "uuid": "c93b1ff9-712f-4447-8222-d083cf67600f",
                  "parentUUID": "771e6990-0102-4e1a-a5f8-69b2a2594603",
                  "isHook": false,
                  "skipped": false
                }
              ],
              "suites": [],
              "passes": [
                "b3b33ebc-df4a-4a04-8d22-62d6c915d9b5",
                "c8625d72-8b15-4803-81b4-bcbb6a3bc0c5",
                "800d7c3c-5706-4fb3-b4c0-c306aa9c5f15",
                "da51b240-560e-4b0c-ad85-17b208fc69c6",
                "33340077-7d2a-4b36-9c11-ef3fff88deae",
                "546adff6-ff10-4174-8e57-1e9e7a93b334",
                "d6b6cf72-22fc-4182-b5b2-f1096aea248e",
                "9d96f8ac-4a75-45cf-bb1c-083f782b8ed5",
                "c93b1ff9-712f-4447-8222-d083cf67600f"
              ],
              "failures": [],
              "pending": [],
              "skipped": [],
              "duration": 72,
              "root": false,
              "rootEmpty": false,
              "_timeout": 5000000
            }
          ],
          "passes": [],
          "failures": [],
          "pending": [],
          "skipped": [],
          "duration": 0,
          "root": false,
          "rootEmpty": false,
          "_timeout": 5000000
        }
      ],
      "passes": [],
      "failures": [],
      "pending": [],
      "skipped": [],
      "duration": 0,
      "root": true,
      "rootEmpty": true,
      "_timeout": 5000000
    }
  ],
  "meta": {
    "mocha": {
      "version": "8.4.0"
    },
    "mochawesome": {
      "options": {
        "quiet": false,
        "reportFilename": "index",
        "saveHtml": true,
        "saveJson": true,
        "consoleReporter": "spec",
        "useInlineDiffs": false,
        "code": true
      },
      "version": "7.0.1"
    },
    "marge": {
      "options": {
        "reportFilename": "index"
      },
      "version": "6.0.1"
    }
  }
}