{
  "stats": {
    "suites": 4,
    "tests": 28,
    "passes": 28,
    "pending": 0,
    "failures": 0,
    "start": "2021-12-06T14:06:06.693Z",
    "end": "2021-12-06T14:06:07.080Z",
    "duration": 387,
    "testsRegistered": 28,
    "passPercent": 100,
    "pendingPercent": 0,
    "other": 0,
    "hasOther": false,
    "skipped": 0,
    "hasSkipped": false
  },
  "results": [
    {
      "uuid": "3acb4c22-00ef-4446-a89b-9bf96e174e0a",
      "title": "",
      "fullFile": "",
      "file": "",
      "beforeHooks": [],
      "afterHooks": [],
      "tests": [],
      "suites": [
        {
          "uuid": "ea2ca244-3948-4334-af3c-2d0c88beccad",
          "title": "App tests",
          "fullFile": "/home/abdallah/test1/bakEnd/tests/Main.spec.js",
          "file": "/tests/Main.spec.js",
          "beforeHooks": [
            {
              "title": "\"before all\" hook in \"App tests\"",
              "fullTitle": "App tests \"before all\" hook in \"App tests\"",
              "timedOut": false,
              "duration": 19,
              "state": null,
              "speed": null,
              "pass": false,
              "fail": false,
              "pending": false,
              "context": null,
              "code": "await sequelizeDB.sync();",
              "err": {},
              "uuid": "c0687698-134b-43b8-b6d8-c9f3f1e5d567",
              "parentUUID": "ea2ca244-3948-4334-af3c-2d0c88beccad",
              "isHook": true,
              "skipped": false
            },
            {
              "title": "\"before each\" hook in \"App tests\"",
              "fullTitle": "App tests \"before each\" hook in \"App tests\"",
              "timedOut": false,
              "duration": 3,
              "state": null,
              "speed": null,
              "pass": false,
              "fail": false,
              "pending": false,
              "context": null,
              "code": "await User.destroy({\n  where: {},\n  truncate: true,\n});\n   await Post.destroy({\n  where: {},\n  truncate: true,\n});\n   await Comment.destroy({\n  where: {},\n  truncate: true,\n});",
              "err": {},
              "uuid": "d9253e2f-84b9-4a8a-b445-a4f8d3ea62ac",
              "parentUUID": "ea2ca244-3948-4334-af3c-2d0c88beccad",
              "isHook": true,
              "skipped": false
            }
          ],
          "afterHooks": [],
          "tests": [],
          "suites": [
            {
              "uuid": "17830cac-99fb-479f-aee5-e714623ffa4e",
              "title": "User API tests",
              "fullFile": "/home/abdallah/test1/bakEnd/tests/Main.spec.js",
              "file": "/tests/Main.spec.js",
              "beforeHooks": [],
              "afterHooks": [],
              "tests": [
                {
                  "title": "GET USERS API TEST ",
                  "fullTitle": "App tests User API tests GET USERS API TEST ",
                  "timedOut": false,
                  "duration": 21,
                  "state": "passed",
                  "speed": "fast",
                  "pass": true,
                  "fail": false,
                  "pending": false,
                  "context": null,
                  "code": "const res = await chai.request(main.app).get(\"/user\");\nres.should.have.status(200);\nres.body.should.be.a(\"array\");\nres.body.length.should.be.eq(0);",
                  "err": {},
                  "uuid": "fd44a1ca-83ec-42c8-91bd-8fee1d5ebee1",
                  "parentUUID": "17830cac-99fb-479f-aee5-e714623ffa4e",
                  "isHook": false,
                  "skipped": false
                },
                {
                  "title": "GET USERS API TEST FAILED ",
                  "fullTitle": "App tests User API tests GET USERS API TEST FAILED ",
                  "timedOut": false,
                  "duration": 6,
                  "state": "passed",
                  "speed": "fast",
                  "pass": true,
                  "fail": false,
                  "pending": false,
                  "context": null,
                  "code": "const res = await chai.request(main.app).get(\"/user_failed\");\nres.should.have.status(404);",
                  "err": {},
                  "uuid": "d05b42c0-d2a9-45c7-b93f-365419447956",
                  "parentUUID": "17830cac-99fb-479f-aee5-e714623ffa4e",
                  "isHook": false,
                  "skipped": false
                },
                {
                  "title": "GET ONE USER API TEST ",
                  "fullTitle": "App tests User API tests GET ONE USER API TEST ",
                  "timedOut": false,
                  "duration": 18,
                  "state": "passed",
                  "speed": "fast",
                  "pass": true,
                  "fail": false,
                  "pending": false,
                  "context": null,
                  "code": "await User.create({ id: 1, name: \"abd\", email: \"abd@rfsd.com\" });\nconst id = 1;\nconst response = await chai.request(main.app).get(\"/user/\" + id);\nresponse.should.have.status(200);\nresponse.body.should.be.a(\"object\");\nresponse.body.should.have.property(\"name\").eq(\"abd\");\nresponse.body.should.have.property(\"email\").eq(\"abd@rfsd.com\");",
                  "err": {},
                  "uuid": "9f147630-2f18-44e3-9f2c-abf957db0dce",
                  "parentUUID": "17830cac-99fb-479f-aee5-e714623ffa4e",
                  "isHook": false,
                  "skipped": false
                },
                {
                  "title": "GET ONE USER API TEST FAILED ",
                  "fullTitle": "App tests User API tests GET ONE USER API TEST FAILED ",
                  "timedOut": false,
                  "duration": 6,
                  "state": "passed",
                  "speed": "fast",
                  "pass": true,
                  "fail": false,
                  "pending": false,
                  "context": null,
                  "code": "const id = 1;\nconst response = await chai.request(main.app).get(\"/user/\" + id);\nresponse.should.have.status(200);\nresponse.text.should.be.eq(\"user not found\");",
                  "err": {},
                  "uuid": "6500c476-69cb-494c-af51-9812e29666d8",
                  "parentUUID": "17830cac-99fb-479f-aee5-e714623ffa4e",
                  "isHook": false,
                  "skipped": false
                },
                {
                  "title": "FAILED TO GET ONE USER API TEST  ",
                  "fullTitle": "App tests User API tests FAILED TO GET ONE USER API TEST  ",
                  "timedOut": false,
                  "duration": 3,
                  "state": "passed",
                  "speed": "fast",
                  "pass": true,
                  "fail": false,
                  "pending": false,
                  "context": null,
                  "code": "const id = 1;\nconst response = await chai.request(main.app).get(\"/user_failed/\" + id);\nresponse.should.have.status(404);",
                  "err": {},
                  "uuid": "8bad622d-077a-4626-8cad-6cc07bd5baa7",
                  "parentUUID": "17830cac-99fb-479f-aee5-e714623ffa4e",
                  "isHook": false,
                  "skipped": false
                },
                {
                  "title": "ADD  USER API TEST ",
                  "fullTitle": "App tests User API tests ADD  USER API TEST ",
                  "timedOut": false,
                  "duration": 38,
                  "state": "passed",
                  "speed": "medium",
                  "pass": true,
                  "fail": false,
                  "pending": false,
                  "context": null,
                  "code": "const user = {\n  name: \"abdallah\",\n  email: \"abdallha@gmail.com\",\n};\nconst response = await chai.request(main.app).post(\"/user\").send(user);\nresponse.should.have.status(200);\nresponse.text.should.be.eq(\"user has been added\");",
                  "err": {},
                  "uuid": "cf60e81d-1acd-4ea4-8f59-bb32aeb1c12c",
                  "parentUUID": "17830cac-99fb-479f-aee5-e714623ffa4e",
                  "isHook": false,
                  "skipped": false
                },
                {
                  "title": "UPDATE  USER API TEST ",
                  "fullTitle": "App tests User API tests UPDATE  USER API TEST ",
                  "timedOut": false,
                  "duration": 10,
                  "state": "passed",
                  "speed": "fast",
                  "pass": true,
                  "fail": false,
                  "pending": false,
                  "context": null,
                  "code": "await User.create({ id: 2, name: \"abd\", email: \"abd@rfsd.com\" });\nconst user = {\n  name: \"abdallah\",\n  email: \"abdallha@gmail.com\",\n};\nconst id = 2;\nconst response = await chai\n  .request(main.app)\n  .put(\"/user/\" + id)\n  .send(user);\nresponse.should.have.status(200);\nresponse.body.should.be.a(\"object\");\nresponse.body.should.have.property(\"name\").eq(\"abdallah\");\nresponse.body.should.have.property(\"email\").eq(\"abdallha@gmail.com\");",
                  "err": {},
                  "uuid": "951f48ce-540c-43f3-8e01-074f9be45c8c",
                  "parentUUID": "17830cac-99fb-479f-aee5-e714623ffa4e",
                  "isHook": false,
                  "skipped": false
                },
                {
                  "title": "UPDATE  USER API TEST USER NOT FOUND ",
                  "fullTitle": "App tests User API tests UPDATE  USER API TEST USER NOT FOUND ",
                  "timedOut": false,
                  "duration": 8,
                  "state": "passed",
                  "speed": "fast",
                  "pass": true,
                  "fail": false,
                  "pending": false,
                  "context": null,
                  "code": "const user = {\n  name: \"abdallah\",\n  email: \"abdallha@gmail.com\",\n};\nconst id = 1;\nconst response = await chai\n  .request(main.app)\n  .put(\"/user/\" + id)\n  .send(user);\nresponse.should.have.status(200);\nresponse.text.should.be.eq(\"user not found\");",
                  "err": {},
                  "uuid": "aeda6eda-5034-42d4-89ec-b1813b6381d3",
                  "parentUUID": "17830cac-99fb-479f-aee5-e714623ffa4e",
                  "isHook": false,
                  "skipped": false
                },
                {
                  "title": "DELETE  USER API TEST ",
                  "fullTitle": "App tests User API tests DELETE  USER API TEST ",
                  "timedOut": false,
                  "duration": 7,
                  "state": "passed",
                  "speed": "fast",
                  "pass": true,
                  "fail": false,
                  "pending": false,
                  "context": null,
                  "code": "await User.create({ id: 1, name: \"abd\", email: \"abd@rfsd.com\" });\nconst id = 1;\nconst response = await chai\n  .request(main.app)\n  .delete(\"/user/\" + id);\nresponse.should.have.status(200);\nresponse.text.should.be.eq(\"user has been deleted\");",
                  "err": {},
                  "uuid": "4d471525-b413-48c6-b6cf-29b04d705d2f",
                  "parentUUID": "17830cac-99fb-479f-aee5-e714623ffa4e",
                  "isHook": false,
                  "skipped": false
                },
                {
                  "title": "DELETE  USER API TEST USER NOT FOUND ",
                  "fullTitle": "App tests User API tests DELETE  USER API TEST USER NOT FOUND ",
                  "timedOut": false,
                  "duration": 5,
                  "state": "passed",
                  "speed": "fast",
                  "pass": true,
                  "fail": false,
                  "pending": false,
                  "context": null,
                  "code": "const id = 1;\nconst response = await chai\n  .request(main.app)\n  .delete(\"/user/\" + id);\nresponse.should.have.status(200);\nresponse.text.should.be.eq(\"user not found\");",
                  "err": {},
                  "uuid": "15ae533c-5acc-46c0-8bce-12c676941c2f",
                  "parentUUID": "17830cac-99fb-479f-aee5-e714623ffa4e",
                  "isHook": false,
                  "skipped": false
                }
              ],
              "suites": [],
              "passes": [
                "fd44a1ca-83ec-42c8-91bd-8fee1d5ebee1",
                "d05b42c0-d2a9-45c7-b93f-365419447956",
                "9f147630-2f18-44e3-9f2c-abf957db0dce",
                "6500c476-69cb-494c-af51-9812e29666d8",
                "8bad622d-077a-4626-8cad-6cc07bd5baa7",
                "cf60e81d-1acd-4ea4-8f59-bb32aeb1c12c",
                "951f48ce-540c-43f3-8e01-074f9be45c8c",
                "aeda6eda-5034-42d4-89ec-b1813b6381d3",
                "4d471525-b413-48c6-b6cf-29b04d705d2f",
                "15ae533c-5acc-46c0-8bce-12c676941c2f"
              ],
              "failures": [],
              "pending": [],
              "skipped": [],
              "duration": 122,
              "root": false,
              "rootEmpty": false,
              "_timeout": 5000000
            },
            {
              "uuid": "4ca98bdf-67cd-4bbe-a74d-218e934700cb",
              "title": "POST API tests",
              "fullFile": "/home/abdallah/test1/bakEnd/tests/Main.spec.js",
              "file": "/tests/Main.spec.js",
              "beforeHooks": [],
              "afterHooks": [],
              "tests": [
                {
                  "title": "GET POSTS API TEST ",
                  "fullTitle": "App tests POST API tests GET POSTS API TEST ",
                  "timedOut": false,
                  "duration": 9,
                  "state": "passed",
                  "speed": "fast",
                  "pass": true,
                  "fail": false,
                  "pending": false,
                  "context": null,
                  "code": "await User.create({ id: 1, name: \"abd\", email: \"abd@rfsd.com\" });\nawait Post.create({\n  id: 1,\n  title: \"abdallah\",\n  body: \"abdallha@gmail.com\",\n  userId: 1,\n});\nconst response = await chai.request(main.app).get(\"/post\");\n response.should.have.status(200);\nresponse.body.should.be.a(\"array\");\nresponse.body.length.should.be.eq(1);",
                  "err": {},
                  "uuid": "cdbbebbd-87c4-41ab-a9d6-381abacef840",
                  "parentUUID": "4ca98bdf-67cd-4bbe-a74d-218e934700cb",
                  "isHook": false,
                  "skipped": false
                },
                {
                  "title": "GET POSTS API TEST FAILED ",
                  "fullTitle": "App tests POST API tests GET POSTS API TEST FAILED ",
                  "timedOut": false,
                  "duration": 4,
                  "state": "passed",
                  "speed": "fast",
                  "pass": true,
                  "fail": false,
                  "pending": false,
                  "context": null,
                  "code": "const response = await chai.request(main.app).get(\"/post_failed\");\nresponse.should.have.status(404);",
                  "err": {},
                  "uuid": "4d254950-fe63-4a3e-85a0-74cd30436352",
                  "parentUUID": "4ca98bdf-67cd-4bbe-a74d-218e934700cb",
                  "isHook": false,
                  "skipped": false
                },
                {
                  "title": "GET ONE POST API TEST ",
                  "fullTitle": "App tests POST API tests GET ONE POST API TEST ",
                  "timedOut": false,
                  "duration": 11,
                  "state": "passed",
                  "speed": "fast",
                  "pass": true,
                  "fail": false,
                  "pending": false,
                  "context": null,
                  "code": "await User.create({ id: 1, name: \"abd\", email: \"abd@rfsd.com\" });\nawait Post.create({\n  id: 1,\n  title: \"abdallah\",\n  body: \"abdallha@gmail.com\",\n  userId: 1,\n});\nconst id = 1;\nconst response = await chai.request(main.app).get(\"/post/\" + id);\nresponse.should.have.status(200);\nresponse.body.should.be.a(\"object\");\nresponse.body.should.have.property(\"title\").eq(\"abdallah\");",
                  "err": {},
                  "uuid": "ceb745d3-a57c-449f-b6fc-c2c93f861669",
                  "parentUUID": "4ca98bdf-67cd-4bbe-a74d-218e934700cb",
                  "isHook": false,
                  "skipped": false
                },
                {
                  "title": "GET ONE POST API TEST NOT FOUND ",
                  "fullTitle": "App tests POST API tests GET ONE POST API TEST NOT FOUND ",
                  "timedOut": false,
                  "duration": 6,
                  "state": "passed",
                  "speed": "fast",
                  "pass": true,
                  "fail": false,
                  "pending": false,
                  "context": null,
                  "code": "const id = 1;\nconst response = await chai.request(main.app).get(\"/post/\" + id);\nresponse.should.have.status(200);\nresponse.text.should.be.eq(\"post not found\");",
                  "err": {},
                  "uuid": "8d01dbc5-58b1-4986-8024-ced8d198d506",
                  "parentUUID": "4ca98bdf-67cd-4bbe-a74d-218e934700cb",
                  "isHook": false,
                  "skipped": false
                },
                {
                  "title": "ADD  POST API TEST ",
                  "fullTitle": "App tests POST API tests ADD  POST API TEST ",
                  "timedOut": false,
                  "duration": 8,
                  "state": "passed",
                  "speed": "fast",
                  "pass": true,
                  "fail": false,
                  "pending": false,
                  "context": null,
                  "code": "await User.create({ id: 1, name: \"abd\", email: \"abd@rfsd.com\" });\nconst post = {\n  title: \"abdallah\",\n  body: \"abdallha@gmail.com\",\n  userId: 1,\n};\nconst response = await chai.request(main.app).post(\"/post\").send(post);\nresponse.should.have.status(200);\nresponse.text.should.be.eq(\"post has been added\");",
                  "err": {},
                  "uuid": "1bd66888-5380-48c4-ae0c-a3c00843a3f0",
                  "parentUUID": "4ca98bdf-67cd-4bbe-a74d-218e934700cb",
                  "isHook": false,
                  "skipped": false
                },
                {
                  "title": "UPDATE  POST API TEST ",
                  "fullTitle": "App tests POST API tests UPDATE  POST API TEST ",
                  "timedOut": false,
                  "duration": 11,
                  "state": "passed",
                  "speed": "fast",
                  "pass": true,
                  "fail": false,
                  "pending": false,
                  "context": null,
                  "code": "await User.create({ id: 1, name: \"abd\", email: \"abd@rfsd.com\" });\nawait Post.create({\n  id: 1,\n  title: \"abdallah\",\n  body: \"abdallha@gmail.com\",\n  userId: 1,\n});\nconst post = {\n  title: \".......\",\n  body: \"abdallah\",\n  userId: 1,\n};\nconst id = 1;\nconst response = await chai\n  .request(main.app)\n  .put(\"/post/\" + id)\n  .send(post);\nresponse.should.have.status(200);\nresponse.body.should.be.a(\"object\");\nresponse.body.should.have.property(\"title\").eq(\".......\");\nresponse.body.should.have.property(\"body\").eq(\"abdallah\");\nresponse.body.should.have.property(\"userId\").eq(1);",
                  "err": {},
                  "uuid": "c74abfd5-e34a-4de0-b22f-b913007f40bd",
                  "parentUUID": "4ca98bdf-67cd-4bbe-a74d-218e934700cb",
                  "isHook": false,
                  "skipped": false
                },
                {
                  "title": "UPDATE  POST API TEST NOT FOUND ",
                  "fullTitle": "App tests POST API tests UPDATE  POST API TEST NOT FOUND ",
                  "timedOut": false,
                  "duration": 5,
                  "state": "passed",
                  "speed": "fast",
                  "pass": true,
                  "fail": false,
                  "pending": false,
                  "context": null,
                  "code": "const post = {\n  title: \"abdallah\",\n  body: \"abdallha@gmail.com\",\n  userId: 1,\n};\nconst id = 1;\nconst response = await chai\n  .request(main.app)\n  .put(\"/post/\" + id)\n  .send(post);\nresponse.should.have.status(200);\nresponse.text.should.be.eq(\"post not found\");",
                  "err": {},
                  "uuid": "4e06a178-94b5-4b71-b1e8-07f649fdd88a",
                  "parentUUID": "4ca98bdf-67cd-4bbe-a74d-218e934700cb",
                  "isHook": false,
                  "skipped": false
                },
                {
                  "title": "DELETE  POST API TEST ",
                  "fullTitle": "App tests POST API tests DELETE  POST API TEST ",
                  "timedOut": false,
                  "duration": 8,
                  "state": "passed",
                  "speed": "fast",
                  "pass": true,
                  "fail": false,
                  "pending": false,
                  "context": null,
                  "code": "await User.create({ id: 1, name: \"abd\", email: \"abd@rfsd.com\" });\nawait Post.create({\n  id: 1,\n  title: \"abdallah\",\n  body: \"abdallha@gmail.com\",\n  userId: 1,\n});\nconst id = 1;\nconst response = await chai\n  .request(main.app)\n  .delete(\"/post/\" + id);\nresponse.should.have.status(200);\nresponse.text.should.be.eq(\"post has been deleted\");",
                  "err": {},
                  "uuid": "07b1e3cd-0393-4a9e-8967-f47c3ffe1ff7",
                  "parentUUID": "4ca98bdf-67cd-4bbe-a74d-218e934700cb",
                  "isHook": false,
                  "skipped": false
                },
                {
                  "title": "DELETE  POST API TEST NOT FOUND ",
                  "fullTitle": "App tests POST API tests DELETE  POST API TEST NOT FOUND ",
                  "timedOut": false,
                  "duration": 4,
                  "state": "passed",
                  "speed": "fast",
                  "pass": true,
                  "fail": false,
                  "pending": false,
                  "context": null,
                  "code": "const id = 1;\nconst response = await chai\n  .request(main.app)\n  .delete(\"/post/\" + id);\nresponse.should.have.status(200);\nresponse.text.should.be.eq(\"post not found\");",
                  "err": {},
                  "uuid": "3f38e702-a4e2-4444-9127-2550f29cdf09",
                  "parentUUID": "4ca98bdf-67cd-4bbe-a74d-218e934700cb",
                  "isHook": false,
                  "skipped": false
                }
              ],
              "suites": [],
              "passes": [
                "cdbbebbd-87c4-41ab-a9d6-381abacef840",
                "4d254950-fe63-4a3e-85a0-74cd30436352",
                "ceb745d3-a57c-449f-b6fc-c2c93f861669",
                "8d01dbc5-58b1-4986-8024-ced8d198d506",
                "1bd66888-5380-48c4-ae0c-a3c00843a3f0",
                "c74abfd5-e34a-4de0-b22f-b913007f40bd",
                "4e06a178-94b5-4b71-b1e8-07f649fdd88a",
                "07b1e3cd-0393-4a9e-8967-f47c3ffe1ff7",
                "3f38e702-a4e2-4444-9127-2550f29cdf09"
              ],
              "failures": [],
              "pending": [],
              "skipped": [],
              "duration": 66,
              "root": false,
              "rootEmpty": false,
              "_timeout": 5000000
            },
            {
              "uuid": "8c797cdd-b0ae-4a44-91e1-4b22dfe9194d",
              "title": "COMMENT API tests",
              "fullFile": "/home/abdallah/test1/bakEnd/tests/Main.spec.js",
              "file": "/tests/Main.spec.js",
              "beforeHooks": [],
              "afterHooks": [],
              "tests": [
                {
                  "title": "GET COMMENT API TEST ",
                  "fullTitle": "App tests COMMENT API tests GET COMMENT API TEST ",
                  "timedOut": false,
                  "duration": 10,
                  "state": "passed",
                  "speed": "fast",
                  "pass": true,
                  "fail": false,
                  "pending": false,
                  "context": null,
                  "code": "await User.create({\n  id: 1,\n  name: \"abd\",\n  email: \"abd@rfsd.com\",\n});\n await Post.create({\n  id: 1,\n  title: \"abdallah\",\n  body: \"abdallha@gmail.com\",\n  userId: 1,\n});\nawait Comment.create({\n  name: \"req\",\n  body: \"req\",\n  postId: 1,\n  userId: 1,\n});\nconst response = await chai.request(main.app).get(\"/comment\");\nresponse.should.have.status(200);\nresponse.body.should.be.a(\"array\");\nresponse.body.length.should.be.eq(1);",
                  "err": {},
                  "uuid": "da82ecf7-8309-4ebb-b922-2566e639aac3",
                  "parentUUID": "8c797cdd-b0ae-4a44-91e1-4b22dfe9194d",
                  "isHook": false,
                  "skipped": false
                },
                {
                  "title": "GET COMMENT API TEST FAILED ",
                  "fullTitle": "App tests COMMENT API tests GET COMMENT API TEST FAILED ",
                  "timedOut": false,
                  "duration": 2,
                  "state": "passed",
                  "speed": "fast",
                  "pass": true,
                  "fail": false,
                  "pending": false,
                  "context": null,
                  "code": "const response = await chai.request(main.app).get(\"/comment_failed\");\nresponse.should.have.status(404);",
                  "err": {},
                  "uuid": "e4d8bfd0-9f40-4d38-b989-5cecfd0d6d17",
                  "parentUUID": "8c797cdd-b0ae-4a44-91e1-4b22dfe9194d",
                  "isHook": false,
                  "skipped": false
                },
                {
                  "title": "GET ONE COMMENT  API TEST ",
                  "fullTitle": "App tests COMMENT API tests GET ONE COMMENT  API TEST ",
                  "timedOut": false,
                  "duration": 10,
                  "state": "passed",
                  "speed": "fast",
                  "pass": true,
                  "fail": false,
                  "pending": false,
                  "context": null,
                  "code": "await User.create({\n  id: 1,\n  name: \"abd\",\n  email: \"abd@rfsd.com\",\n});\nawait Post.create({\n  id: 1,\n  title: \"abdallah\",\n  body: \"abdallha@gmail.com\",\n  userId: 1,\n});\nawait Comment.create({\n  id:1,\n  name: \"req\",\n  body: \"req\",\n  postId: 1,\n  userId: 1,\n});\nconst id = 1;\nconst response = await chai.request(main.app).get(\"/comment/\" + id);\nresponse.should.have.status(200);\nresponse.body.should.be.a(\"object\");\nresponse.body.should.have.property(\"name\").eq(\"req\");",
                  "err": {},
                  "uuid": "1acc490b-ebbd-48be-bf89-a365ed938a3d",
                  "parentUUID": "8c797cdd-b0ae-4a44-91e1-4b22dfe9194d",
                  "isHook": false,
                  "skipped": false
                },
                {
                  "title": "GET ONE COMMENT  API TEST NOT FOUND ",
                  "fullTitle": "App tests COMMENT API tests GET ONE COMMENT  API TEST NOT FOUND ",
                  "timedOut": false,
                  "duration": 5,
                  "state": "passed",
                  "speed": "fast",
                  "pass": true,
                  "fail": false,
                  "pending": false,
                  "context": null,
                  "code": "const id = 1;\nconst response = await chai.request(main.app).get(\"/comment/\" + id);\nresponse.should.have.status(200);\nresponse.text.should.be.eq(\"comment not found\");",
                  "err": {},
                  "uuid": "01960f78-3876-413a-802c-31246ba859ef",
                  "parentUUID": "8c797cdd-b0ae-4a44-91e1-4b22dfe9194d",
                  "isHook": false,
                  "skipped": false
                },
                {
                  "title": "ADD  COMMENT API TEST ",
                  "fullTitle": "App tests COMMENT API tests ADD  COMMENT API TEST ",
                  "timedOut": false,
                  "duration": 8,
                  "state": "passed",
                  "speed": "fast",
                  "pass": true,
                  "fail": false,
                  "pending": false,
                  "context": null,
                  "code": "await User.create({ id: 1, name: \"abd\", email: \"abd@rfsd.com\" });\nawait Post.create({\n  id:1,\n  title: \"abdallah\",\n  body: \"abdallha@gmail.com\",\n  userId: 1,\n});\nconst comment = {\n  name: \"req\",\n  body: \"req\",\n  postId: 1,\n  userId: 1,\n};\nconst response = await chai\n  .request(main.app)\n  .post(\"/comment\")\n  .send(comment);\nresponse.should.have.status(200);\nresponse.text.should.be.eq(\"comment has been added\");",
                  "err": {},
                  "uuid": "39cfd6a0-a533-4744-992e-36cdb7728b24",
                  "parentUUID": "8c797cdd-b0ae-4a44-91e1-4b22dfe9194d",
                  "isHook": false,
                  "skipped": false
                },
                {
                  "title": "UPDATE  COMMENT API TEST ",
                  "fullTitle": "App tests COMMENT API tests UPDATE  COMMENT API TEST ",
                  "timedOut": false,
                  "duration": 13,
                  "state": "passed",
                  "speed": "fast",
                  "pass": true,
                  "fail": false,
                  "pending": false,
                  "context": null,
                  "code": "await User.create({\n  id: 1,\n  name: \"abd\",\n  email: \"abd@rfsd.com\",\n});\nawait Post.create({\n  id: 1,\n  title: \"abdallah\",\n  body: \"abdallha@gmail.com\",\n  userId: 1,\n});\nawait Comment.create({\n  id:1,\n  name: \"abdallah\",\n  body: \"alabed\",\n  postId: 1,\n  userId: 1,\n});\nconst comment = {\n  name: \"req\",\n  body: \"req\",\n  postId: 1,\n  userId: 1,\n};\nconst id = 1;\nconst response = await chai\n  .request(main.app)\n  .put(\"/comment/\" + id)\n  .send(comment);\nresponse.should.have.status(200);\nresponse.body.should.be.a(\"object\");\nresponse.body.should.have.property(\"name\").eq(\"req\");\nresponse.body.should.have.property(\"body\").eq(\"req\");",
                  "err": {},
                  "uuid": "fcb3431c-2b0e-4a8c-b520-bc1cbcb96ac2",
                  "parentUUID": "8c797cdd-b0ae-4a44-91e1-4b22dfe9194d",
                  "isHook": false,
                  "skipped": false
                },
                {
                  "title": "UPDATE  COMMENT API TEST NOT FOUND ",
                  "fullTitle": "App tests COMMENT API tests UPDATE  COMMENT API TEST NOT FOUND ",
                  "timedOut": false,
                  "duration": 5,
                  "state": "passed",
                  "speed": "fast",
                  "pass": true,
                  "fail": false,
                  "pending": false,
                  "context": null,
                  "code": "const comment = {\n  name: \"req\",\n  body: \"req\",\n  postId: 1,\n  userId: 1,\n};\nconst id = 1;\nconst response = await chai\n  .request(main.app)\n  .put(\"/comment/\" + id)\n  .send(comment);\nresponse.should.have.status(200);\nresponse.text.should.be.eq(\"comment not found\");",
                  "err": {},
                  "uuid": "f37f3515-3440-4878-9bcf-01d252ba1f75",
                  "parentUUID": "8c797cdd-b0ae-4a44-91e1-4b22dfe9194d",
                  "isHook": false,
                  "skipped": false
                },
                {
                  "title": "DELETE  COMMENT API TEST ",
                  "fullTitle": "App tests COMMENT API tests DELETE  COMMENT API TEST ",
                  "timedOut": false,
                  "duration": 9,
                  "state": "passed",
                  "speed": "fast",
                  "pass": true,
                  "fail": false,
                  "pending": false,
                  "context": null,
                  "code": "await User.create({\n  id: 1,\n  name: \"abd\",\n  email: \"abd@rfsd.com\",\n});\nawait Post.create({\n  id: 1,\n  title: \"abdallah\",\n  body: \"abdallha@gmail.com\",\n  userId: 1,\n});\nawait Comment.create({\n  id:1,\n  name: \"abdallah\",\n  body: \"alabed\",\n  postId: 1,\n  userId: 1,\n});\nconst id = 1;\nconst response = await chai\n  .request(main.app)\n  .delete(\"/comment/\" + id);\nresponse.should.have.status(200);\nresponse.text.should.be.eq(\"comment has been deleted\");",
                  "err": {},
                  "uuid": "68995325-a60f-4893-ac37-238d849e71cf",
                  "parentUUID": "8c797cdd-b0ae-4a44-91e1-4b22dfe9194d",
                  "isHook": false,
                  "skipped": false
                },
                {
                  "title": "DELETE  COMMENT API TEST NOT FOUND",
                  "fullTitle": "App tests COMMENT API tests DELETE  COMMENT API TEST NOT FOUND",
                  "timedOut": false,
                  "duration": 4,
                  "state": "passed",
                  "speed": "fast",
                  "pass": true,
                  "fail": false,
                  "pending": false,
                  "context": null,
                  "code": "const id = 1;\nconst response = await chai\n  .request(main.app)\n  .delete(\"/comment/\" + id);\nresponse.should.have.status(200);\nresponse.text.should.be.eq(\"comment not found\");",
                  "err": {},
                  "uuid": "3ef960ea-c299-4a60-ac7b-9b0cd99fa986",
                  "parentUUID": "8c797cdd-b0ae-4a44-91e1-4b22dfe9194d",
                  "isHook": false,
                  "skipped": false
                }
              ],
              "suites": [],
              "passes": [
                "da82ecf7-8309-4ebb-b922-2566e639aac3",
                "e4d8bfd0-9f40-4d38-b989-5cecfd0d6d17",
                "1acc490b-ebbd-48be-bf89-a365ed938a3d",
                "01960f78-3876-413a-802c-31246ba859ef",
                "39cfd6a0-a533-4744-992e-36cdb7728b24",
                "fcb3431c-2b0e-4a8c-b520-bc1cbcb96ac2",
                "f37f3515-3440-4878-9bcf-01d252ba1f75",
                "68995325-a60f-4893-ac37-238d849e71cf",
                "3ef960ea-c299-4a60-ac7b-9b0cd99fa986"
              ],
              "failures": [],
              "pending": [],
              "skipped": [],
              "duration": 66,
              "root": false,
              "rootEmpty": false,
              "_timeout": 5000000
            }
          ],
          "passes": [],
          "failures": [],
          "pending": [],
          "skipped": [],
          "duration": 0,
          "root": false,
          "rootEmpty": false,
          "_timeout": 5000000
        }
      ],
      "passes": [],
      "failures": [],
      "pending": [],
      "skipped": [],
      "duration": 0,
      "root": true,
      "rootEmpty": true,
      "_timeout": 5000000
    }
  ],
  "meta": {
    "mocha": {
      "version": "8.4.0"
    },
    "mochawesome": {
      "options": {
        "quiet": false,
        "reportFilename": "index",
        "saveHtml": true,
        "saveJson": true,
        "consoleReporter": "spec",
        "useInlineDiffs": false,
        "code": true
      },
      "version": "7.0.1"
    },
    "marge": {
      "options": {
        "reportFilename": "index"
      },
      "version": "6.0.1"
    }
  }
}