{"/home/abdullahalabed/test1/task/src/App.jsx": {"path":"/home/abdullahalabed/test1/task/src/App.jsx","statementMap":{"0":{"start":{"line":9,"column":2},"end":{"line":19,"column":4}}},"fnMap":{"0":{"name":"App","decl":{"start":{"line":8,"column":9},"end":{"line":8,"column":12}},"loc":{"start":{"line":8,"column":15},"end":{"line":20,"column":1}},"line":8}},"branchMap":{},"s":{"0":1},"f":{"0":1},"b":{},"_coverageSchema":"1a1c01bbd47fc00a2c39e90264f33305004495a9","hash":"25f303d2091c9ad0a2dbf178b70732f5a9f430d2"}
,"/home/abdullahalabed/test1/task/src/index.js": {"path":"/home/abdullahalabed/test1/task/src/index.js","statementMap":{"0":{"start":{"line":6,"column":0},"end":{"line":11,"column":2}}},"fnMap":{},"branchMap":{},"s":{"0":1},"f":{},"b":{},"_coverageSchema":"1a1c01bbd47fc00a2c39e90264f33305004495a9","hash":"2abda15dd5a188978120b787bdad1efcbdcfd976"}
,"/home/abdullahalabed/test1/task/src/components/Comment.jsx": {"path":"/home/abdullahalabed/test1/task/src/components/Comment.jsx","statementMap":{"0":{"start":{"line":2,"column":14},"end":{"line":2,"column":30}},"1":{"start":{"line":5,"column":33},"end":{"line":5,"column":45}},"2":{"start":{"line":6,"column":14},"end":{"line":6,"column":61}},"3":{"start":{"line":7,"column":22},"end":{"line":16,"column":4}},"4":{"start":{"line":8,"column":4},"end":{"line":15,"column":6}},"5":{"start":{"line":17,"column":22},"end":{"line":19,"column":3}},"6":{"start":{"line":18,"column":4},"end":{"line":18,"column":20}},"7":{"start":{"line":21,"column":2},"end":{"line":35,"column":9}},"8":{"start":{"line":22,"column":4},"end":{"line":33,"column":29}},"9":{"start":{"line":25,"column":20},"end":{"line":30,"column":10}},"10":{"start":{"line":26,"column":10},"end":{"line":28,"column":11}},"11":{"start":{"line":27,"column":12},"end":{"line":27,"column":27}},"12":{"start":{"line":29,"column":10},"end":{"line":29,"column":22}},"13":{"start":{"line":31,"column":8},"end":{"line":31,"column":25}},"14":{"start":{"line":36,"column":2},"end":{"line":36,"column":34}}},"fnMap":{"0":{"name":"Comment","decl":{"start":{"line":4,"column":9},"end":{"line":4,"column":16}},"loc":{"start":{"line":4,"column":24},"end":{"line":37,"column":1}},"line":4},"1":{"name":"(anonymous_1)","decl":{"start":{"line":7,"column":35},"end":{"line":7,"column":36}},"loc":{"start":{"line":7,"column":47},"end":{"line":16,"column":3}},"line":7},"2":{"name":"(anonymous_2)","decl":{"start":{"line":17,"column":22},"end":{"line":17,"column":23}},"loc":{"start":{"line":17,"column":31},"end":{"line":19,"column":3}},"line":17},"3":{"name":"(anonymous_3)","decl":{"start":{"line":21,"column":12},"end":{"line":21,"column":13}},"loc":{"start":{"line":21,"column":18},"end":{"line":35,"column":3}},"line":21},"4":{"name":"(anonymous_4)","decl":{"start":{"line":24,"column":12},"end":{"line":24,"column":13}},"loc":{"start":{"line":24,"column":32},"end":{"line":32,"column":7}},"line":24},"5":{"name":"(anonymous_5)","decl":{"start":{"line":25,"column":41},"end":{"line":25,"column":42}},"loc":{"start":{"line":25,"column":54},"end":{"line":30,"column":9}},"line":25},"6":{"name":"(anonymous_6)","decl":{"start":{"line":33,"column":13},"end":{"line":33,"column":14}},"loc":{"start":{"line":33,"column":25},"end":{"line":33,"column":27}},"line":33}},"branchMap":{"0":{"loc":{"start":{"line":9,"column":6},"end":{"line":14,"column":7}},"type":"binary-expr","locations":[{"start":{"line":9,"column":6},"end":{"line":9,"column":23}},{"start":{"line":10,"column":8},"end":{"line":13,"column":14}}],"line":9},"1":{"loc":{"start":{"line":26,"column":10},"end":{"line":28,"column":11}},"type":"if","locations":[{"start":{"line":26,"column":10},"end":{"line":28,"column":11}},{"start":{},"end":{}}],"line":26}},"s":{"0":2,"1":0,"2":0,"3":0,"4":0,"5":0,"6":0,"7":0,"8":0,"9":0,"10":0,"11":0,"12":0,"13":0,"14":0},"f":{"0":0,"1":0,"2":0,"3":0,"4":0,"5":0,"6":0},"b":{"0":[0,0],"1":[0,0]},"_coverageSchema":"1a1c01bbd47fc00a2c39e90264f33305004495a9","hash":"bb5f05b975461116f349684a0218d74598c6aa94"}
,"/home/abdullahalabed/test1/task/src/components/Header.jsx": {"path":"/home/abdullahalabed/test1/task/src/components/Header.jsx","statementMap":{"0":{"start":{"line":7,"column":18},"end":{"line":17,"column":3}},"1":{"start":{"line":7,"column":41},"end":{"line":17,"column":1}},"2":{"start":{"line":19,"column":15},"end":{"line":70,"column":1}},"3":{"start":{"line":20,"column":19},"end":{"line":20,"column":42}},"4":{"start":{"line":21,"column":19},"end":{"line":21,"column":32}},"5":{"start":{"line":22,"column":18},"end":{"line":22,"column":29}},"6":{"start":{"line":24,"column":34},"end":{"line":24,"column":45}},"7":{"start":{"line":26,"column":2},"end":{"line":31,"column":17}},"8":{"start":{"line":27,"column":16},"end":{"line":27,"column":55}},"9":{"start":{"line":28,"column":4},"end":{"line":30,"column":5}},"10":{"start":{"line":29,"column":6},"end":{"line":29,"column":23}},"11":{"start":{"line":33,"column":26},"end":{"line":35,"column":3}},"12":{"start":{"line":34,"column":4},"end":{"line":34,"column":19}},"13":{"start":{"line":37,"column":17},"end":{"line":43,"column":3}},"14":{"start":{"line":38,"column":4},"end":{"line":38,"column":27}},"15":{"start":{"line":39,"column":4},"end":{"line":39,"column":31}},"16":{"start":{"line":40,"column":4},"end":{"line":40,"column":47}},"17":{"start":{"line":41,"column":4},"end":{"line":41,"column":50}},"18":{"start":{"line":41,"column":28},"end":{"line":41,"column":50}},"19":{"start":{"line":42,"column":4},"end":{"line":42,"column":18}},"20":{"start":{"line":45,"column":2},"end":{"line":69,"column":4}}},"fnMap":{"0":{"name":"(anonymous_0)","decl":{"start":{"line":7,"column":29},"end":{"line":7,"column":30}},"loc":{"start":{"line":7,"column":41},"end":{"line":17,"column":1}},"line":7},"1":{"name":"(anonymous_1)","decl":{"start":{"line":19,"column":15},"end":{"line":19,"column":16}},"loc":{"start":{"line":19,"column":21},"end":{"line":70,"column":1}},"line":19},"2":{"name":"(anonymous_2)","decl":{"start":{"line":26,"column":12},"end":{"line":26,"column":13}},"loc":{"start":{"line":26,"column":18},"end":{"line":31,"column":3}},"line":26},"3":{"name":"(anonymous_3)","decl":{"start":{"line":33,"column":26},"end":{"line":33,"column":27}},"loc":{"start":{"line":33,"column":32},"end":{"line":35,"column":3}},"line":33},"4":{"name":"(anonymous_4)","decl":{"start":{"line":37,"column":17},"end":{"line":37,"column":18}},"loc":{"start":{"line":37,"column":31},"end":{"line":43,"column":3}},"line":37}},"branchMap":{"0":{"loc":{"start":{"line":28,"column":4},"end":{"line":30,"column":5}},"type":"if","locations":[{"start":{"line":28,"column":4},"end":{"line":30,"column":5}},{"start":{},"end":{}}],"line":28},"1":{"loc":{"start":{"line":41,"column":4},"end":{"line":41,"column":50}},"type":"if","locations":[{"start":{"line":41,"column":4},"end":{"line":41,"column":50}},{"start":{},"end":{}}],"line":41},"2":{"loc":{"start":{"line":48,"column":9},"end":{"line":66,"column":9}},"type":"cond-expr","locations":[{"start":{"line":49,"column":10},"end":{"line":63,"column":13}},{"start":{"line":65,"column":10},"end":{"line":65,"column":15}}],"line":48}},"s":{"0":2,"1":1,"2":2,"3":1,"4":1,"5":1,"6":1,"7":1,"8":1,"9":1,"10":0,"11":1,"12":0,"13":1,"14":0,"15":0,"16":0,"17":0,"18":0,"19":0,"20":1},"f":{"0":1,"1":1,"2":1,"3":0,"4":0},"b":{"0":[0,1],"1":[0,0],"2":[0,1]},"_coverageSchema":"1a1c01bbd47fc00a2c39e90264f33305004495a9","hash":"e438dc7b1174e0a431c3c1ed57a26965afa1d490"}
,"/home/abdullahalabed/test1/task/src/components/Post.jsx": {"path":"/home/abdullahalabed/test1/task/src/components/Post.jsx","statementMap":{"0":{"start":{"line":11,"column":14},"end":{"line":11,"column":30}},"1":{"start":{"line":13,"column":12},"end":{"line":93,"column":1}},"2":{"start":{"line":14,"column":19},"end":{"line":14,"column":42}},"3":{"start":{"line":15,"column":27},"end":{"line":15,"column":39}},"4":{"start":{"line":16,"column":14},"end":{"line":16,"column":58}},"5":{"start":{"line":18,"column":19},"end":{"line":20,"column":3}},"6":{"start":{"line":19,"column":4},"end":{"line":19,"column":17}},"7":{"start":{"line":22,"column":23},"end":{"line":25,"column":3}},"8":{"start":{"line":23,"column":4},"end":{"line":23,"column":37}},"9":{"start":{"line":24,"column":4},"end":{"line":24,"column":22}},"10":{"start":{"line":27,"column":2},"end":{"line":44,"column":9}},"11":{"start":{"line":28,"column":4},"end":{"line":42,"column":34}},"12":{"start":{"line":31,"column":20},"end":{"line":39,"column":36}},"13":{"start":{"line":33,"column":12},"end":{"line":36,"column":13}},"14":{"start":{"line":34,"column":14},"end":{"line":34,"column":46}},"15":{"start":{"line":35,"column":14},"end":{"line":35,"column":26}},"16":{"start":{"line":37,"column":12},"end":{"line":37,"column":24}},"17":{"start":{"line":39,"column":25},"end":{"line":39,"column":35}},"18":{"start":{"line":40,"column":8},"end":{"line":40,"column":22}},"19":{"start":{"line":46,"column":18},"end":{"line":87,"column":4}},"20":{"start":{"line":47,"column":4},"end":{"line":86,"column":6}},"21":{"start":{"line":75,"column":16},"end":{"line":75,"column":39}},"22":{"start":{"line":88,"column":2},"end":{"line":92,"column":4}}},"fnMap":{"0":{"name":"(anonymous_0)","decl":{"start":{"line":13,"column":12},"end":{"line":13,"column":13}},"loc":{"start":{"line":13,"column":17},"end":{"line":93,"column":1}},"line":13},"1":{"name":"(anonymous_1)","decl":{"start":{"line":18,"column":19},"end":{"line":18,"column":20}},"loc":{"start":{"line":18,"column":28},"end":{"line":20,"column":3}},"line":18},"2":{"name":"(anonymous_2)","decl":{"start":{"line":22,"column":23},"end":{"line":22,"column":24}},"loc":{"start":{"line":22,"column":38},"end":{"line":25,"column":3}},"line":22},"3":{"name":"(anonymous_3)","decl":{"start":{"line":27,"column":12},"end":{"line":27,"column":13}},"loc":{"start":{"line":27,"column":18},"end":{"line":44,"column":3}},"line":27},"4":{"name":"(anonymous_4)","decl":{"start":{"line":30,"column":12},"end":{"line":30,"column":13}},"loc":{"start":{"line":30,"column":32},"end":{"line":41,"column":7}},"line":30},"5":{"name":"(anonymous_5)","decl":{"start":{"line":32,"column":15},"end":{"line":32,"column":16}},"loc":{"start":{"line":32,"column":25},"end":{"line":38,"column":11}},"line":32},"6":{"name":"(anonymous_6)","decl":{"start":{"line":39,"column":18},"end":{"line":39,"column":19}},"loc":{"start":{"line":39,"column":25},"end":{"line":39,"column":35}},"line":39},"7":{"name":"(anonymous_7)","decl":{"start":{"line":42,"column":13},"end":{"line":42,"column":14}},"loc":{"start":{"line":42,"column":30},"end":{"line":42,"column":32}},"line":42},"8":{"name":"(anonymous_8)","decl":{"start":{"line":46,"column":28},"end":{"line":46,"column":29}},"loc":{"start":{"line":46,"column":41},"end":{"line":87,"column":3}},"line":46},"9":{"name":"(anonymous_9)","decl":{"start":{"line":74,"column":23},"end":{"line":74,"column":24}},"loc":{"start":{"line":74,"column":29},"end":{"line":76,"column":15}},"line":74}},"branchMap":{"0":{"loc":{"start":{"line":33,"column":12},"end":{"line":36,"column":13}},"type":"if","locations":[{"start":{"line":33,"column":12},"end":{"line":36,"column":13}},{"start":{},"end":{}}],"line":33}},"s":{"0":2,"1":2,"2":0,"3":0,"4":0,"5":0,"6":0,"7":0,"8":0,"9":0,"10":0,"11":0,"12":0,"13":0,"14":0,"15":0,"16":0,"17":0,"18":0,"19":0,"20":0,"21":0,"22":0},"f":{"0":0,"1":0,"2":0,"3":0,"4":0,"5":0,"6":0,"7":0,"8":0,"9":0},"b":{"0":[0,0]},"_coverageSchema":"1a1c01bbd47fc00a2c39e90264f33305004495a9","hash":"2f91bb72092a35545bb8d0562a8d16a878b36758"}
,"/home/abdullahalabed/test1/task/src/components/SingIn.jsx": {"path":"/home/abdullahalabed/test1/task/src/components/SingIn.jsx","statementMap":{"0":{"start":{"line":13,"column":14},"end":{"line":13,"column":30}},"1":{"start":{"line":14,"column":14},"end":{"line":14,"column":27}},"2":{"start":{"line":16,"column":19},"end":{"line":16,"column":42}},"3":{"start":{"line":17,"column":19},"end":{"line":17,"column":32}},"4":{"start":{"line":19,"column":23},"end":{"line":21,"column":3}},"5":{"start":{"line":20,"column":4},"end":{"line":20,"column":42}},"6":{"start":{"line":23,"column":19},"end":{"line":29,"column":3}},"7":{"start":{"line":24,"column":4},"end":{"line":24,"column":27}},"8":{"start":{"line":25,"column":4},"end":{"line":25,"column":31}},"9":{"start":{"line":26,"column":4},"end":{"line":26,"column":47}},"10":{"start":{"line":27,"column":4},"end":{"line":27,"column":50}},"11":{"start":{"line":27,"column":28},"end":{"line":27,"column":50}},"12":{"start":{"line":28,"column":4},"end":{"line":28,"column":22}},"13":{"start":{"line":31,"column":13},"end":{"line":47,"column":3}},"14":{"start":{"line":32,"column":16},"end":{"line":32,"column":60}},"15":{"start":{"line":33,"column":4},"end":{"line":45,"column":10}},"16":{"start":{"line":34,"column":6},"end":{"line":45,"column":10}},"17":{"start":{"line":37,"column":10},"end":{"line":37,"column":32}},"18":{"start":{"line":38,"column":22},"end":{"line":43,"column":12}},"19":{"start":{"line":39,"column":12},"end":{"line":41,"column":13}},"20":{"start":{"line":40,"column":14},"end":{"line":40,"column":26}},"21":{"start":{"line":42,"column":12},"end":{"line":42,"column":25}},"22":{"start":{"line":44,"column":10},"end":{"line":44,"column":47}},"23":{"start":{"line":49,"column":2},"end":{"line":101,"column":4}}},"fnMap":{"0":{"name":"Login","decl":{"start":{"line":15,"column":17},"end":{"line":15,"column":22}},"loc":{"start":{"line":15,"column":25},"end":{"line":102,"column":1}},"line":15},"1":{"name":"(anonymous_1)","decl":{"start":{"line":19,"column":23},"end":{"line":19,"column":24}},"loc":{"start":{"line":19,"column":34},"end":{"line":21,"column":3}},"line":19},"2":{"name":"(anonymous_2)","decl":{"start":{"line":23,"column":19},"end":{"line":23,"column":20}},"loc":{"start":{"line":23,"column":33},"end":{"line":29,"column":3}},"line":23},"3":{"name":"(anonymous_3)","decl":{"start":{"line":31,"column":13},"end":{"line":31,"column":14}},"loc":{"start":{"line":31,"column":19},"end":{"line":47,"column":3}},"line":31},"4":{"name":"(anonymous_4)","decl":{"start":{"line":36,"column":14},"end":{"line":36,"column":15}},"loc":{"start":{"line":36,"column":34},"end":{"line":45,"column":9}},"line":36},"5":{"name":"(anonymous_5)","decl":{"start":{"line":38,"column":43},"end":{"line":38,"column":44}},"loc":{"start":{"line":38,"column":53},"end":{"line":43,"column":11}},"line":38}},"branchMap":{"0":{"loc":{"start":{"line":27,"column":4},"end":{"line":27,"column":50}},"type":"if","locations":[{"start":{"line":27,"column":4},"end":{"line":27,"column":50}},{"start":{},"end":{}}],"line":27},"1":{"loc":{"start":{"line":33,"column":4},"end":{"line":45,"column":10}},"type":"if","locations":[{"start":{"line":33,"column":4},"end":{"line":45,"column":10}},{"start":{},"end":{}}],"line":33},"2":{"loc":{"start":{"line":39,"column":12},"end":{"line":41,"column":13}},"type":"if","locations":[{"start":{"line":39,"column":12},"end":{"line":41,"column":13}},{"start":{},"end":{}}],"line":39}},"s":{"0":3,"1":3,"2":4,"3":3,"4":1,"5":0,"6":1,"7":0,"8":0,"9":0,"10":0,"11":0,"12":0,"13":1,"14":0,"15":0,"16":0,"17":0,"18":0,"19":0,"20":0,"21":0,"22":0,"23":1},"f":{"0":4,"1":0,"2":0,"3":0,"4":0,"5":0},"b":{"0":[0,0],"1":[0,0],"2":[0,0]},"_coverageSchema":"1a1c01bbd47fc00a2c39e90264f33305004495a9","hash":"50468b7a7818cc5756d46c594559ffe34cc0c352"}
,"/home/abdullahalabed/test1/task/src/contexats/UserContexts.jsx": {"path":"/home/abdullahalabed/test1/task/src/contexats/UserContexts.jsx","statementMap":{"0":{"start":{"line":3,"column":27},"end":{"line":3,"column":42}},"1":{"start":{"line":5,"column":35},"end":{"line":29,"column":1}},"2":{"start":{"line":7,"column":37},"end":{"line":7,"column":49}},"3":{"start":{"line":8,"column":33},"end":{"line":8,"column":45}},"4":{"start":{"line":9,"column":31},"end":{"line":9,"column":43}},"5":{"start":{"line":10,"column":39},"end":{"line":10,"column":55}},"6":{"start":{"line":13,"column":21},"end":{"line":22,"column":5}},"7":{"start":{"line":24,"column":4},"end":{"line":28,"column":7}}},"fnMap":{"0":{"name":"(anonymous_0)","decl":{"start":{"line":5,"column":35},"end":{"line":5,"column":36}},"loc":{"start":{"line":5,"column":46},"end":{"line":29,"column":1}},"line":5}},"branchMap":{},"s":{"0":3,"1":3,"2":1,"3":1,"4":1,"5":1,"6":1,"7":1},"f":{"0":1},"b":{},"_coverageSchema":"1a1c01bbd47fc00a2c39e90264f33305004495a9","hash":"1bdfa03ec7f4a328923d81a695cd7b474eb4d727"}
}
