TN:
SF:src/App.jsx
FN:8,App
FNF:1
FNH:1
FNDA:1,App
DA:9,1
LF:1
LH:1
BRF:0
BRH:0
end_of_record
TN:
SF:src/index.js
FNF:0
FNH:0
DA:6,1
LF:1
LH:1
BRF:0
BRH:0
end_of_record
TN:
SF:src/components/Comment.jsx
FN:4,Comment
FN:7,(anonymous_1)
FN:17,(anonymous_2)
FN:21,(anonymous_3)
FN:24,(anonymous_4)
FN:25,(anonymous_5)
FN:33,(anonymous_6)
FNF:7
FNH:0
FNDA:0,Comment
FNDA:0,(anonymous_1)
FNDA:0,(anonymous_2)
FNDA:0,(anonymous_3)
FNDA:0,(anonymous_4)
FNDA:0,(anonymous_5)
FNDA:0,(anonymous_6)
DA:2,2
DA:5,0
DA:6,0
DA:7,0
DA:8,0
DA:17,0
DA:18,0
DA:21,0
DA:22,0
DA:25,0
DA:26,0
DA:27,0
DA:29,0
DA:31,0
DA:36,0
LF:15
LH:1
BRDA:9,0,0,0
BRDA:9,0,1,0
BRDA:26,1,0,0
BRDA:26,1,1,0
BRF:4
BRH:0
end_of_record
TN:
SF:src/components/Header.jsx
FN:7,(anonymous_0)
FN:19,(anonymous_1)
FN:26,(anonymous_2)
FN:33,(anonymous_3)
FN:37,(anonymous_4)
FNF:5
FNH:3
FNDA:1,(anonymous_0)
FNDA:1,(anonymous_1)
FNDA:1,(anonymous_2)
FNDA:0,(anonymous_3)
FNDA:0,(anonymous_4)
DA:7,2
DA:19,2
DA:20,1
DA:21,1
DA:22,1
DA:24,1
DA:26,1
DA:27,1
DA:28,1
DA:29,0
DA:33,1
DA:34,0
DA:37,1
DA:38,0
DA:39,0
DA:40,0
DA:41,0
DA:42,0
DA:45,1
LF:19
LH:12
BRDA:28,0,0,0
BRDA:28,0,1,1
BRDA:41,1,0,0
BRDA:41,1,1,0
BRDA:48,2,0,0
BRDA:48,2,1,1
BRF:6
BRH:2
end_of_record
TN:
SF:src/components/Post.jsx
FN:13,(anonymous_0)
FN:18,(anonymous_1)
FN:22,(anonymous_2)
FN:27,(anonymous_3)
FN:30,(anonymous_4)
FN:32,(anonymous_5)
FN:39,(anonymous_6)
FN:42,(anonymous_7)
FN:46,(anonymous_8)
FN:74,(anonymous_9)
FNF:10
FNH:0
FNDA:0,(anonymous_0)
FNDA:0,(anonymous_1)
FNDA:0,(anonymous_2)
FNDA:0,(anonymous_3)
FNDA:0,(anonymous_4)
FNDA:0,(anonymous_5)
FNDA:0,(anonymous_6)
FNDA:0,(anonymous_7)
FNDA:0,(anonymous_8)
FNDA:0,(anonymous_9)
DA:11,2
DA:13,2
DA:14,0
DA:15,0
DA:16,0
DA:18,0
DA:19,0
DA:22,0
DA:23,0
DA:24,0
DA:27,0
DA:28,0
DA:31,0
DA:33,0
DA:34,0
DA:35,0
DA:37,0
DA:39,0
DA:40,0
DA:46,0
DA:47,0
DA:75,0
DA:88,0
LF:23
LH:2
BRDA:33,0,0,0
BRDA:33,0,1,0
BRF:2
BRH:0
end_of_record
TN:
SF:src/components/SingIn.jsx
FN:15,Login
FN:19,(anonymous_1)
FN:23,(anonymous_2)
FN:31,(anonymous_3)
FN:36,(anonymous_4)
FN:38,(anonymous_5)
FNF:6
FNH:1
FNDA:4,Login
FNDA:0,(anonymous_1)
FNDA:0,(anonymous_2)
FNDA:0,(anonymous_3)
FNDA:0,(anonymous_4)
FNDA:0,(anonymous_5)
DA:13,3
DA:14,3
DA:16,4
DA:17,3
DA:19,1
DA:20,0
DA:23,1
DA:24,0
DA:25,0
DA:26,0
DA:27,0
DA:28,0
DA:31,1
DA:32,0
DA:33,0
DA:34,0
DA:37,0
DA:38,0
DA:39,0
DA:40,0
DA:42,0
DA:44,0
DA:49,1
LF:23
LH:8
BRDA:27,0,0,0
BRDA:27,0,1,0
BRDA:33,1,0,0
BRDA:33,1,1,0
BRDA:39,2,0,0
BRDA:39,2,1,0
BRF:6
BRH:0
end_of_record
TN:
SF:src/contexats/UserContexts.jsx
FN:5,(anonymous_0)
FNF:1
FNH:1
FNDA:1,(anonymous_0)
DA:3,3
DA:5,3
DA:7,1
DA:8,1
DA:9,1
DA:10,1
DA:13,1
DA:24,1
LF:8
LH:8
BRF:0
BRH:0
end_of_record
